<?xml version="1.0" encoding="UTF-8"?>
<testng-results ignored="0" total="1" passed="1" failed="0" skipped="0">
  <reporter-output>
  </reporter-output>
  <suite started-at="2024-01-02T13:26:47 IST" name="Default suite" finished-at="2024-01-02T13:28:32 IST" duration-ms="105843">
    <groups>
    </groups>
    <test started-at="2024-01-02T13:26:47 IST" name="Default test" finished-at="2024-01-02T13:28:32 IST" duration-ms="105843">
      <class name="com.pageobjectmodel.DQG_Test_Run">
        <test-method is-config="true" signature="setup()[pri:0, instance:com.pageobjectmodel.DQG_Test_Run@411f53a0]" started-at="2024-01-02T13:26:47 IST" name="setup" finished-at="2024-01-02T13:26:51 IST" duration-ms="4364" status="PASS">
          <reporter-output>
          </reporter-output>
        </test-method> <!-- setup -->
        <test-method is-config="true" signature="login()[pri:0, instance:com.pageobjectmodel.DQG_Test_Run@411f53a0]" started-at="2024-01-02T13:26:51 IST" name="login" finished-at="2024-01-02T13:28:04 IST" duration-ms="72891" status="PASS">
          <reporter-output>
          </reporter-output>
        </test-method> <!-- login -->
        <test-method signature="test()[pri:0, instance:com.pageobjectmodel.DQG_Test_Run@411f53a0]" started-at="2024-01-02T13:28:04 IST" name="test" finished-at="2024-01-02T13:28:32 IST" duration-ms="28533" status="PASS">
          <reporter-output>
          </reporter-output>
        </test-method> <!-- test -->
      </class> <!-- com.pageobjectmodel.DQG_Test_Run -->
    </test> <!-- Default test -->
  </suite> <!-- Default suite -->
</testng-results>
